Analysis & Synthesis report for robotic_hand
Wed Mar 01 07:28:24 2023
Quartus Prime Version 18.1.0 Build 625 09/12/2018 SJ Lite Edition


---------------------
; Table of Contents ;
---------------------
  1. Legal Notice
  2. Analysis & Synthesis Summary
  3. Analysis & Synthesis Settings
  4. Parallel Compilation
  5. Analysis & Synthesis Source Files Read
  6. Analysis & Synthesis Resource Usage Summary
  7. Analysis & Synthesis Resource Utilization by Entity
  8. Registers Removed During Synthesis
  9. General Register Statistics
 10. Inverted Register Statistics
 11. Multiplexer Restructuring Statistics (Restructuring Performed)
 12. Post-Synthesis Netlist Statistics for Top Partition
 13. Elapsed Time Per Partition
 14. Analysis & Synthesis Messages



----------------
; Legal Notice ;
----------------
Copyright (C) 2018  Intel Corporation. All rights reserved.
Your use of Intel Corporation's design tools, logic functions 
and other software and tools, and its AMPP partner logic 
functions, and any output files from any of the foregoing 
(including device programming or simulation files), and any 
associated documentation or information are expressly subject 
to the terms and conditions of the Intel Program License 
Subscription Agreement, the Intel Quartus Prime License Agreement,
the Intel FPGA IP License Agreement, or other applicable license
agreement, including, without limitation, that your use is for
the sole purpose of programming logic devices manufactured by
Intel and sold by Intel or its authorized distributors.  Please
refer to the applicable agreement for further details.



+-------------------------------------------------------------------------------+
; Analysis & Synthesis Summary                                                  ;
+---------------------------------+---------------------------------------------+
; Analysis & Synthesis Status     ; Successful - Wed Mar 01 07:28:24 2023       ;
; Quartus Prime Version           ; 18.1.0 Build 625 09/12/2018 SJ Lite Edition ;
; Revision Name                   ; robotic_hand                                ;
; Top-level Entity Name           ; robotic_hand                                ;
; Family                          ; Cyclone V                                   ;
; Logic utilization (in ALMs)     ; N/A                                         ;
; Total registers                 ; 164                                         ;
; Total pins                      ; 19                                          ;
; Total virtual pins              ; 0                                           ;
; Total block memory bits         ; 0                                           ;
; Total DSP Blocks                ; 0                                           ;
; Total HSSI RX PCSs              ; 0                                           ;
; Total HSSI PMA RX Deserializers ; 0                                           ;
; Total HSSI TX PCSs              ; 0                                           ;
; Total HSSI PMA TX Serializers   ; 0                                           ;
; Total PLLs                      ; 0                                           ;
; Total DLLs                      ; 0                                           ;
+---------------------------------+---------------------------------------------+


+---------------------------------------------------------------------------------------------------------------------------+
; Analysis & Synthesis Settings                                                                                             ;
+---------------------------------------------------------------------------------+--------------------+--------------------+
; Option                                                                          ; Setting            ; Default Value      ;
+---------------------------------------------------------------------------------+--------------------+--------------------+
; Device                                                                          ; 5CSEBA6U23I7       ;                    ;
; Top-level entity name                                                           ; robotic_hand       ; robotic_hand       ;
; Family name                                                                     ; Cyclone V          ; Cyclone V          ;
; Use smart compilation                                                           ; Off                ; Off                ;
; Enable parallel Assembler and Timing Analyzer during compilation                ; On                 ; On                 ;
; Enable compact report table                                                     ; Off                ; Off                ;
; Restructure Multiplexers                                                        ; Auto               ; Auto               ;
; MLAB Add Timing Constraints For Mixed-Port Feed-Through Mode Setting Don't Care ; Off                ; Off                ;
; Create Debugging Nodes for IP Cores                                             ; Off                ; Off                ;
; Preserve fewer node names                                                       ; On                 ; On                 ;
; Intel FPGA IP Evaluation Mode                                                   ; Enable             ; Enable             ;
; Verilog Version                                                                 ; Verilog_2001       ; Verilog_2001       ;
; VHDL Version                                                                    ; VHDL_1993          ; VHDL_1993          ;
; State Machine Processing                                                        ; Auto               ; Auto               ;
; Safe State Machine                                                              ; Off                ; Off                ;
; Extract Verilog State Machines                                                  ; On                 ; On                 ;
; Extract VHDL State Machines                                                     ; On                 ; On                 ;
; Ignore Verilog initial constructs                                               ; Off                ; Off                ;
; Iteration limit for constant Verilog loops                                      ; 5000               ; 5000               ;
; Iteration limit for non-constant Verilog loops                                  ; 250                ; 250                ;
; Add Pass-Through Logic to Inferred RAMs                                         ; On                 ; On                 ;
; Infer RAMs from Raw Logic                                                       ; On                 ; On                 ;
; Parallel Synthesis                                                              ; On                 ; On                 ;
; DSP Block Balancing                                                             ; Auto               ; Auto               ;
; NOT Gate Push-Back                                                              ; On                 ; On                 ;
; Power-Up Don't Care                                                             ; On                 ; On                 ;
; Remove Redundant Logic Cells                                                    ; Off                ; Off                ;
; Remove Duplicate Registers                                                      ; On                 ; On                 ;
; Ignore CARRY Buffers                                                            ; Off                ; Off                ;
; Ignore CASCADE Buffers                                                          ; Off                ; Off                ;
; Ignore GLOBAL Buffers                                                           ; Off                ; Off                ;
; Ignore ROW GLOBAL Buffers                                                       ; Off                ; Off                ;
; Ignore LCELL Buffers                                                            ; Off                ; Off                ;
; Ignore SOFT Buffers                                                             ; On                 ; On                 ;
; Limit AHDL Integers to 32 Bits                                                  ; Off                ; Off                ;
; Optimization Technique                                                          ; Balanced           ; Balanced           ;
; Carry Chain Length                                                              ; 70                 ; 70                 ;
; Auto Carry Chains                                                               ; On                 ; On                 ;
; Auto Open-Drain Pins                                                            ; On                 ; On                 ;
; Perform WYSIWYG Primitive Resynthesis                                           ; Off                ; Off                ;
; Auto ROM Replacement                                                            ; On                 ; On                 ;
; Auto RAM Replacement                                                            ; On                 ; On                 ;
; Auto DSP Block Replacement                                                      ; On                 ; On                 ;
; Auto Shift Register Replacement                                                 ; Auto               ; Auto               ;
; Allow Shift Register Merging across Hierarchies                                 ; Auto               ; Auto               ;
; Auto Clock Enable Replacement                                                   ; On                 ; On                 ;
; Strict RAM Replacement                                                          ; Off                ; Off                ;
; Allow Synchronous Control Signals                                               ; On                 ; On                 ;
; Force Use of Synchronous Clear Signals                                          ; Off                ; Off                ;
; Auto Resource Sharing                                                           ; Off                ; Off                ;
; Allow Any RAM Size For Recognition                                              ; Off                ; Off                ;
; Allow Any ROM Size For Recognition                                              ; Off                ; Off                ;
; Allow Any Shift Register Size For Recognition                                   ; Off                ; Off                ;
; Use LogicLock Constraints during Resource Balancing                             ; On                 ; On                 ;
; Ignore translate_off and synthesis_off directives                               ; Off                ; Off                ;
; Timing-Driven Synthesis                                                         ; On                 ; On                 ;
; Report Parameter Settings                                                       ; On                 ; On                 ;
; Report Source Assignments                                                       ; On                 ; On                 ;
; Report Connectivity Checks                                                      ; On                 ; On                 ;
; Ignore Maximum Fan-Out Assignments                                              ; Off                ; Off                ;
; Synchronization Register Chain Length                                           ; 3                  ; 3                  ;
; Power Optimization During Synthesis                                             ; Normal compilation ; Normal compilation ;
; HDL message level                                                               ; Level2             ; Level2             ;
; Suppress Register Optimization Related Messages                                 ; Off                ; Off                ;
; Number of Removed Registers Reported in Synthesis Report                        ; 5000               ; 5000               ;
; Number of Swept Nodes Reported in Synthesis Report                              ; 5000               ; 5000               ;
; Number of Inverted Registers Reported in Synthesis Report                       ; 100                ; 100                ;
; Clock MUX Protection                                                            ; On                 ; On                 ;
; Auto Gated Clock Conversion                                                     ; Off                ; Off                ;
; Block Design Naming                                                             ; Auto               ; Auto               ;
; SDC constraint protection                                                       ; Off                ; Off                ;
; Synthesis Effort                                                                ; Auto               ; Auto               ;
; Shift Register Replacement - Allow Asynchronous Clear Signal                    ; On                 ; On                 ;
; Pre-Mapping Resynthesis Optimization                                            ; Off                ; Off                ;
; Analysis & Synthesis Message Level                                              ; Medium             ; Medium             ;
; Disable Register Merging Across Hierarchies                                     ; Auto               ; Auto               ;
; Resource Aware Inference For Block RAM                                          ; On                 ; On                 ;
; Automatic Parallel Synthesis                                                    ; On                 ; On                 ;
; Partial Reconfiguration Bitstream ID                                            ; Off                ; Off                ;
+---------------------------------------------------------------------------------+--------------------+--------------------+


+------------------------------------------+
; Parallel Compilation                     ;
+----------------------------+-------------+
; Processors                 ; Number      ;
+----------------------------+-------------+
; Number detected on machine ; 16          ;
; Maximum allowed            ; 16          ;
;                            ;             ;
; Average used               ; 1.00        ;
; Maximum used               ; 16          ;
;                            ;             ;
; Usage by Processor         ; % Time Used ;
;     Processor 1            ; 100.0%      ;
;     Processors 2-16        ;   0.0%      ;
+----------------------------+-------------+


+------------------------------------------------------------------------------------------------------------------------------------+
; Analysis & Synthesis Source Files Read                                                                                             ;
+----------------------------------+-----------------+-----------------+---------------------------------------------------+---------+
; File Name with User-Entered Path ; Used in Netlist ; File Type       ; File Name with Absolute Path                      ; Library ;
+----------------------------------+-----------------+-----------------+---------------------------------------------------+---------+
; robotic_hand.vhd                 ; yes             ; User VHDL File  ; C:/Users/yijin/Pictures/PWM_Hand/robotic_hand.vhd ;         ;
; pwm_servo.vhd                    ; yes             ; User VHDL File  ; C:/Users/yijin/Pictures/PWM_Hand/pwm_servo.vhd    ;         ;
; decoder.vhd                      ; yes             ; User VHDL File  ; C:/Users/yijin/Pictures/PWM_Hand/decoder.vhd      ;         ;
+----------------------------------+-----------------+-----------------+---------------------------------------------------+---------+


+---------------------------------------------------------+
; Analysis & Synthesis Resource Usage Summary             ;
+---------------------------------------------+-----------+
; Resource                                    ; Usage     ;
+---------------------------------------------+-----------+
; Estimate of Logic utilization (ALMs needed) ; 147       ;
;                                             ;           ;
; Combinational ALUT usage for logic          ; 250       ;
;     -- 7 input functions                    ; 0         ;
;     -- 6 input functions                    ; 41        ;
;     -- 5 input functions                    ; 21        ;
;     -- 4 input functions                    ; 37        ;
;     -- <=3 input functions                  ; 151       ;
;                                             ;           ;
; Dedicated logic registers                   ; 164       ;
;                                             ;           ;
; I/O pins                                    ; 19        ;
;                                             ;           ;
; Total DSP Blocks                            ; 0         ;
;                                             ;           ;
; Maximum fan-out node                        ; clk~input ;
; Maximum fan-out                             ; 164       ;
; Total fan-out                               ; 1491      ;
; Average fan-out                             ; 3.30      ;
+---------------------------------------------+-----------+


+-------------------------------------------------------------------------------------------------------------------------------------------------------------------------------------------------------+
; Analysis & Synthesis Resource Utilization by Entity                                                                                                                                                   ;
+----------------------------+---------------------+---------------------------+-------------------+------------+------+--------------+-----------------------------------+--------------+--------------+
; Compilation Hierarchy Node ; Combinational ALUTs ; Dedicated Logic Registers ; Block Memory Bits ; DSP Blocks ; Pins ; Virtual Pins ; Full Hierarchy Name               ; Entity Name  ; Library Name ;
+----------------------------+---------------------+---------------------------+-------------------+------------+------+--------------+-----------------------------------+--------------+--------------+
; |robotic_hand              ; 250 (2)             ; 164 (23)                  ; 0                 ; 0          ; 19   ; 0            ; |robotic_hand                     ; robotic_hand ; work         ;
;    |decoder:deo|           ; 76 (76)             ; 48 (48)                   ; 0                 ; 0          ; 0    ; 0            ; |robotic_hand|decoder:deo         ; decoder      ; work         ;
;    |pwm_servo:\g1:0:sv4|   ; 68 (68)             ; 45 (45)                   ; 0                 ; 0          ; 0    ; 0            ; |robotic_hand|pwm_servo:\g1:0:sv4 ; pwm_servo    ; work         ;
;    |pwm_servo:\g1:1:sv4|   ; 26 (26)             ; 12 (12)                   ; 0                 ; 0          ; 0    ; 0            ; |robotic_hand|pwm_servo:\g1:1:sv4 ; pwm_servo    ; work         ;
;    |pwm_servo:\g1:2:sv4|   ; 26 (26)             ; 12 (12)                   ; 0                 ; 0          ; 0    ; 0            ; |robotic_hand|pwm_servo:\g1:2:sv4 ; pwm_servo    ; work         ;
;    |pwm_servo:\g1:3:sv4|   ; 26 (26)             ; 12 (12)                   ; 0                 ; 0          ; 0    ; 0            ; |robotic_hand|pwm_servo:\g1:3:sv4 ; pwm_servo    ; work         ;
;    |pwm_servo:\g1:4:sv4|   ; 26 (26)             ; 12 (12)                   ; 0                 ; 0          ; 0    ; 0            ; |robotic_hand|pwm_servo:\g1:4:sv4 ; pwm_servo    ; work         ;
+----------------------------+---------------------+---------------------------+-------------------+------------+------+--------------+-----------------------------------+--------------+--------------+
Note: For table entries with two numbers listed, the numbers in parentheses indicate the number of resources of the given type used by the specific entity alone. The numbers listed outside of parentheses indicate the total resources of the given type used by the specific entity and all of its sub-entities in the hierarchy.


+-------------------------------------------------------------------------------------------------+
; Registers Removed During Synthesis                                                              ;
+------------------------------------------------+------------------------------------------------+
; Register name                                  ; Reason for Removal                             ;
+------------------------------------------------+------------------------------------------------+
; pwm_servo:\g1:4:sv4|duty_cycle[0..2,12,17..31] ; Stuck at GND due to stuck port data_in         ;
; pwm_servo:\g1:3:sv4|duty_cycle[0..2,12,17..31] ; Stuck at GND due to stuck port data_in         ;
; pwm_servo:\g1:2:sv4|duty_cycle[0..2,12,17..31] ; Stuck at GND due to stuck port data_in         ;
; pwm_servo:\g1:1:sv4|duty_cycle[0..2,12,17..31] ; Stuck at GND due to stuck port data_in         ;
; pwm_servo:\g1:0:sv4|duty_cycle[0..2,12,17..31] ; Stuck at GND due to stuck port data_in         ;
; pwm_servo:\g1:4:sv4|duty_cycle[3]              ; Merged with pwm_servo:\g1:4:sv4|duty_cycle[13] ;
; pwm_servo:\g1:4:sv4|duty_cycle[5]              ; Merged with pwm_servo:\g1:4:sv4|duty_cycle[7]  ;
; pwm_servo:\g1:3:sv4|duty_cycle[3]              ; Merged with pwm_servo:\g1:3:sv4|duty_cycle[13] ;
; pwm_servo:\g1:3:sv4|duty_cycle[5]              ; Merged with pwm_servo:\g1:3:sv4|duty_cycle[7]  ;
; pwm_servo:\g1:2:sv4|duty_cycle[3]              ; Merged with pwm_servo:\g1:2:sv4|duty_cycle[13] ;
; pwm_servo:\g1:2:sv4|duty_cycle[5]              ; Merged with pwm_servo:\g1:2:sv4|duty_cycle[7]  ;
; pwm_servo:\g1:1:sv4|duty_cycle[3]              ; Merged with pwm_servo:\g1:1:sv4|duty_cycle[13] ;
; pwm_servo:\g1:1:sv4|duty_cycle[5]              ; Merged with pwm_servo:\g1:1:sv4|duty_cycle[7]  ;
; pwm_servo:\g1:0:sv4|duty_cycle[3]              ; Merged with pwm_servo:\g1:0:sv4|duty_cycle[13] ;
; pwm_servo:\g1:0:sv4|duty_cycle[5]              ; Merged with pwm_servo:\g1:0:sv4|duty_cycle[7]  ;
; pwm_servo:\g1:1:sv4|counter[31]                ; Merged with pwm_servo:\g1:0:sv4|counter[31]    ;
; pwm_servo:\g1:2:sv4|counter[31]                ; Merged with pwm_servo:\g1:0:sv4|counter[31]    ;
; pwm_servo:\g1:3:sv4|counter[31]                ; Merged with pwm_servo:\g1:0:sv4|counter[31]    ;
; pwm_servo:\g1:4:sv4|counter[31]                ; Merged with pwm_servo:\g1:0:sv4|counter[31]    ;
; pwm_servo:\g1:1:sv4|counter[30]                ; Merged with pwm_servo:\g1:0:sv4|counter[30]    ;
; pwm_servo:\g1:2:sv4|counter[30]                ; Merged with pwm_servo:\g1:0:sv4|counter[30]    ;
; pwm_servo:\g1:3:sv4|counter[30]                ; Merged with pwm_servo:\g1:0:sv4|counter[30]    ;
; pwm_servo:\g1:4:sv4|counter[30]                ; Merged with pwm_servo:\g1:0:sv4|counter[30]    ;
; pwm_servo:\g1:1:sv4|counter[29]                ; Merged with pwm_servo:\g1:0:sv4|counter[29]    ;
; pwm_servo:\g1:2:sv4|counter[29]                ; Merged with pwm_servo:\g1:0:sv4|counter[29]    ;
; pwm_servo:\g1:3:sv4|counter[29]                ; Merged with pwm_servo:\g1:0:sv4|counter[29]    ;
; pwm_servo:\g1:4:sv4|counter[29]                ; Merged with pwm_servo:\g1:0:sv4|counter[29]    ;
; pwm_servo:\g1:1:sv4|counter[28]                ; Merged with pwm_servo:\g1:0:sv4|counter[28]    ;
; pwm_servo:\g1:2:sv4|counter[28]                ; Merged with pwm_servo:\g1:0:sv4|counter[28]    ;
; pwm_servo:\g1:3:sv4|counter[28]                ; Merged with pwm_servo:\g1:0:sv4|counter[28]    ;
; pwm_servo:\g1:4:sv4|counter[28]                ; Merged with pwm_servo:\g1:0:sv4|counter[28]    ;
; pwm_servo:\g1:1:sv4|counter[27]                ; Merged with pwm_servo:\g1:0:sv4|counter[27]    ;
; pwm_servo:\g1:2:sv4|counter[27]                ; Merged with pwm_servo:\g1:0:sv4|counter[27]    ;
; pwm_servo:\g1:3:sv4|counter[27]                ; Merged with pwm_servo:\g1:0:sv4|counter[27]    ;
; pwm_servo:\g1:4:sv4|counter[27]                ; Merged with pwm_servo:\g1:0:sv4|counter[27]    ;
; pwm_servo:\g1:1:sv4|counter[26]                ; Merged with pwm_servo:\g1:0:sv4|counter[26]    ;
; pwm_servo:\g1:2:sv4|counter[26]                ; Merged with pwm_servo:\g1:0:sv4|counter[26]    ;
; pwm_servo:\g1:3:sv4|counter[26]                ; Merged with pwm_servo:\g1:0:sv4|counter[26]    ;
; pwm_servo:\g1:4:sv4|counter[26]                ; Merged with pwm_servo:\g1:0:sv4|counter[26]    ;
; pwm_servo:\g1:1:sv4|counter[25]                ; Merged with pwm_servo:\g1:0:sv4|counter[25]    ;
; pwm_servo:\g1:2:sv4|counter[25]                ; Merged with pwm_servo:\g1:0:sv4|counter[25]    ;
; pwm_servo:\g1:3:sv4|counter[25]                ; Merged with pwm_servo:\g1:0:sv4|counter[25]    ;
; pwm_servo:\g1:4:sv4|counter[25]                ; Merged with pwm_servo:\g1:0:sv4|counter[25]    ;
; pwm_servo:\g1:1:sv4|counter[24]                ; Merged with pwm_servo:\g1:0:sv4|counter[24]    ;
; pwm_servo:\g1:2:sv4|counter[24]                ; Merged with pwm_servo:\g1:0:sv4|counter[24]    ;
; pwm_servo:\g1:3:sv4|counter[24]                ; Merged with pwm_servo:\g1:0:sv4|counter[24]    ;
; pwm_servo:\g1:4:sv4|counter[24]                ; Merged with pwm_servo:\g1:0:sv4|counter[24]    ;
; pwm_servo:\g1:1:sv4|counter[23]                ; Merged with pwm_servo:\g1:0:sv4|counter[23]    ;
; pwm_servo:\g1:2:sv4|counter[23]                ; Merged with pwm_servo:\g1:0:sv4|counter[23]    ;
; pwm_servo:\g1:3:sv4|counter[23]                ; Merged with pwm_servo:\g1:0:sv4|counter[23]    ;
; pwm_servo:\g1:4:sv4|counter[23]                ; Merged with pwm_servo:\g1:0:sv4|counter[23]    ;
; pwm_servo:\g1:1:sv4|counter[22]                ; Merged with pwm_servo:\g1:0:sv4|counter[22]    ;
; pwm_servo:\g1:2:sv4|counter[22]                ; Merged with pwm_servo:\g1:0:sv4|counter[22]    ;
; pwm_servo:\g1:3:sv4|counter[22]                ; Merged with pwm_servo:\g1:0:sv4|counter[22]    ;
; pwm_servo:\g1:4:sv4|counter[22]                ; Merged with pwm_servo:\g1:0:sv4|counter[22]    ;
; pwm_servo:\g1:1:sv4|counter[21]                ; Merged with pwm_servo:\g1:0:sv4|counter[21]    ;
; pwm_servo:\g1:2:sv4|counter[21]                ; Merged with pwm_servo:\g1:0:sv4|counter[21]    ;
; pwm_servo:\g1:3:sv4|counter[21]                ; Merged with pwm_servo:\g1:0:sv4|counter[21]    ;
; pwm_servo:\g1:4:sv4|counter[21]                ; Merged with pwm_servo:\g1:0:sv4|counter[21]    ;
; pwm_servo:\g1:1:sv4|counter[20]                ; Merged with pwm_servo:\g1:0:sv4|counter[20]    ;
; pwm_servo:\g1:2:sv4|counter[20]                ; Merged with pwm_servo:\g1:0:sv4|counter[20]    ;
; pwm_servo:\g1:3:sv4|counter[20]                ; Merged with pwm_servo:\g1:0:sv4|counter[20]    ;
; pwm_servo:\g1:4:sv4|counter[20]                ; Merged with pwm_servo:\g1:0:sv4|counter[20]    ;
; pwm_servo:\g1:1:sv4|counter[19]                ; Merged with pwm_servo:\g1:0:sv4|counter[19]    ;
; pwm_servo:\g1:2:sv4|counter[19]                ; Merged with pwm_servo:\g1:0:sv4|counter[19]    ;
; pwm_servo:\g1:3:sv4|counter[19]                ; Merged with pwm_servo:\g1:0:sv4|counter[19]    ;
; pwm_servo:\g1:4:sv4|counter[19]                ; Merged with pwm_servo:\g1:0:sv4|counter[19]    ;
; pwm_servo:\g1:1:sv4|counter[18]                ; Merged with pwm_servo:\g1:0:sv4|counter[18]    ;
; pwm_servo:\g1:2:sv4|counter[18]                ; Merged with pwm_servo:\g1:0:sv4|counter[18]    ;
; pwm_servo:\g1:3:sv4|counter[18]                ; Merged with pwm_servo:\g1:0:sv4|counter[18]    ;
; pwm_servo:\g1:4:sv4|counter[18]                ; Merged with pwm_servo:\g1:0:sv4|counter[18]    ;
; pwm_servo:\g1:1:sv4|counter[17]                ; Merged with pwm_servo:\g1:0:sv4|counter[17]    ;
; pwm_servo:\g1:2:sv4|counter[17]                ; Merged with pwm_servo:\g1:0:sv4|counter[17]    ;
; pwm_servo:\g1:3:sv4|counter[17]                ; Merged with pwm_servo:\g1:0:sv4|counter[17]    ;
; pwm_servo:\g1:4:sv4|counter[17]                ; Merged with pwm_servo:\g1:0:sv4|counter[17]    ;
; pwm_servo:\g1:1:sv4|counter[16]                ; Merged with pwm_servo:\g1:0:sv4|counter[16]    ;
; pwm_servo:\g1:2:sv4|counter[16]                ; Merged with pwm_servo:\g1:0:sv4|counter[16]    ;
; pwm_servo:\g1:3:sv4|counter[16]                ; Merged with pwm_servo:\g1:0:sv4|counter[16]    ;
; pwm_servo:\g1:4:sv4|counter[16]                ; Merged with pwm_servo:\g1:0:sv4|counter[16]    ;
; pwm_servo:\g1:1:sv4|counter[15]                ; Merged with pwm_servo:\g1:0:sv4|counter[15]    ;
; pwm_servo:\g1:2:sv4|counter[15]                ; Merged with pwm_servo:\g1:0:sv4|counter[15]    ;
; pwm_servo:\g1:3:sv4|counter[15]                ; Merged with pwm_servo:\g1:0:sv4|counter[15]    ;
; pwm_servo:\g1:4:sv4|counter[15]                ; Merged with pwm_servo:\g1:0:sv4|counter[15]    ;
; pwm_servo:\g1:1:sv4|counter[14]                ; Merged with pwm_servo:\g1:0:sv4|counter[14]    ;
; pwm_servo:\g1:2:sv4|counter[14]                ; Merged with pwm_servo:\g1:0:sv4|counter[14]    ;
; pwm_servo:\g1:3:sv4|counter[14]                ; Merged with pwm_servo:\g1:0:sv4|counter[14]    ;
; pwm_servo:\g1:4:sv4|counter[14]                ; Merged with pwm_servo:\g1:0:sv4|counter[14]    ;
; pwm_servo:\g1:1:sv4|counter[13]                ; Merged with pwm_servo:\g1:0:sv4|counter[13]    ;
; pwm_servo:\g1:2:sv4|counter[13]                ; Merged with pwm_servo:\g1:0:sv4|counter[13]    ;
; pwm_servo:\g1:3:sv4|counter[13]                ; Merged with pwm_servo:\g1:0:sv4|counter[13]    ;
; pwm_servo:\g1:4:sv4|counter[13]                ; Merged with pwm_servo:\g1:0:sv4|counter[13]    ;
; pwm_servo:\g1:1:sv4|counter[12]                ; Merged with pwm_servo:\g1:0:sv4|counter[12]    ;
; pwm_servo:\g1:2:sv4|counter[12]                ; Merged with pwm_servo:\g1:0:sv4|counter[12]    ;
; pwm_servo:\g1:3:sv4|counter[12]                ; Merged with pwm_servo:\g1:0:sv4|counter[12]    ;
; pwm_servo:\g1:4:sv4|counter[12]                ; Merged with pwm_servo:\g1:0:sv4|counter[12]    ;
; pwm_servo:\g1:1:sv4|counter[11]                ; Merged with pwm_servo:\g1:0:sv4|counter[11]    ;
; pwm_servo:\g1:2:sv4|counter[11]                ; Merged with pwm_servo:\g1:0:sv4|counter[11]    ;
; pwm_servo:\g1:3:sv4|counter[11]                ; Merged with pwm_servo:\g1:0:sv4|counter[11]    ;
; pwm_servo:\g1:4:sv4|counter[11]                ; Merged with pwm_servo:\g1:0:sv4|counter[11]    ;
; pwm_servo:\g1:1:sv4|counter[10]                ; Merged with pwm_servo:\g1:0:sv4|counter[10]    ;
; pwm_servo:\g1:2:sv4|counter[10]                ; Merged with pwm_servo:\g1:0:sv4|counter[10]    ;
; pwm_servo:\g1:3:sv4|counter[10]                ; Merged with pwm_servo:\g1:0:sv4|counter[10]    ;
; pwm_servo:\g1:4:sv4|counter[10]                ; Merged with pwm_servo:\g1:0:sv4|counter[10]    ;
; pwm_servo:\g1:1:sv4|counter[9]                 ; Merged with pwm_servo:\g1:0:sv4|counter[9]     ;
; pwm_servo:\g1:2:sv4|counter[9]                 ; Merged with pwm_servo:\g1:0:sv4|counter[9]     ;
; pwm_servo:\g1:3:sv4|counter[9]                 ; Merged with pwm_servo:\g1:0:sv4|counter[9]     ;
; pwm_servo:\g1:4:sv4|counter[9]                 ; Merged with pwm_servo:\g1:0:sv4|counter[9]     ;
; pwm_servo:\g1:1:sv4|counter[8]                 ; Merged with pwm_servo:\g1:0:sv4|counter[8]     ;
; pwm_servo:\g1:2:sv4|counter[8]                 ; Merged with pwm_servo:\g1:0:sv4|counter[8]     ;
; pwm_servo:\g1:3:sv4|counter[8]                 ; Merged with pwm_servo:\g1:0:sv4|counter[8]     ;
; pwm_servo:\g1:4:sv4|counter[8]                 ; Merged with pwm_servo:\g1:0:sv4|counter[8]     ;
; pwm_servo:\g1:1:sv4|counter[7]                 ; Merged with pwm_servo:\g1:0:sv4|counter[7]     ;
; pwm_servo:\g1:2:sv4|counter[7]                 ; Merged with pwm_servo:\g1:0:sv4|counter[7]     ;
; pwm_servo:\g1:3:sv4|counter[7]                 ; Merged with pwm_servo:\g1:0:sv4|counter[7]     ;
; pwm_servo:\g1:4:sv4|counter[7]                 ; Merged with pwm_servo:\g1:0:sv4|counter[7]     ;
; pwm_servo:\g1:1:sv4|counter[6]                 ; Merged with pwm_servo:\g1:0:sv4|counter[6]     ;
; pwm_servo:\g1:2:sv4|counter[6]                 ; Merged with pwm_servo:\g1:0:sv4|counter[6]     ;
; pwm_servo:\g1:3:sv4|counter[6]                 ; Merged with pwm_servo:\g1:0:sv4|counter[6]     ;
; pwm_servo:\g1:4:sv4|counter[6]                 ; Merged with pwm_servo:\g1:0:sv4|counter[6]     ;
; pwm_servo:\g1:1:sv4|counter[5]                 ; Merged with pwm_servo:\g1:0:sv4|counter[5]     ;
; pwm_servo:\g1:2:sv4|counter[5]                 ; Merged with pwm_servo:\g1:0:sv4|counter[5]     ;
; pwm_servo:\g1:3:sv4|counter[5]                 ; Merged with pwm_servo:\g1:0:sv4|counter[5]     ;
; pwm_servo:\g1:4:sv4|counter[5]                 ; Merged with pwm_servo:\g1:0:sv4|counter[5]     ;
; pwm_servo:\g1:1:sv4|counter[4]                 ; Merged with pwm_servo:\g1:0:sv4|counter[4]     ;
; pwm_servo:\g1:2:sv4|counter[4]                 ; Merged with pwm_servo:\g1:0:sv4|counter[4]     ;
; pwm_servo:\g1:3:sv4|counter[4]                 ; Merged with pwm_servo:\g1:0:sv4|counter[4]     ;
; pwm_servo:\g1:4:sv4|counter[4]                 ; Merged with pwm_servo:\g1:0:sv4|counter[4]     ;
; pwm_servo:\g1:1:sv4|counter[3]                 ; Merged with pwm_servo:\g1:0:sv4|counter[3]     ;
; pwm_servo:\g1:2:sv4|counter[3]                 ; Merged with pwm_servo:\g1:0:sv4|counter[3]     ;
; pwm_servo:\g1:3:sv4|counter[3]                 ; Merged with pwm_servo:\g1:0:sv4|counter[3]     ;
; pwm_servo:\g1:4:sv4|counter[3]                 ; Merged with pwm_servo:\g1:0:sv4|counter[3]     ;
; pwm_servo:\g1:1:sv4|counter[2]                 ; Merged with pwm_servo:\g1:0:sv4|counter[2]     ;
; pwm_servo:\g1:2:sv4|counter[2]                 ; Merged with pwm_servo:\g1:0:sv4|counter[2]     ;
; pwm_servo:\g1:3:sv4|counter[2]                 ; Merged with pwm_servo:\g1:0:sv4|counter[2]     ;
; pwm_servo:\g1:4:sv4|counter[2]                 ; Merged with pwm_servo:\g1:0:sv4|counter[2]     ;
; pwm_servo:\g1:1:sv4|counter[1]                 ; Merged with pwm_servo:\g1:0:sv4|counter[1]     ;
; pwm_servo:\g1:2:sv4|counter[1]                 ; Merged with pwm_servo:\g1:0:sv4|counter[1]     ;
; pwm_servo:\g1:3:sv4|counter[1]                 ; Merged with pwm_servo:\g1:0:sv4|counter[1]     ;
; pwm_servo:\g1:4:sv4|counter[1]                 ; Merged with pwm_servo:\g1:0:sv4|counter[1]     ;
; pwm_servo:\g1:1:sv4|counter[0]                 ; Merged with pwm_servo:\g1:0:sv4|counter[0]     ;
; pwm_servo:\g1:2:sv4|counter[0]                 ; Merged with pwm_servo:\g1:0:sv4|counter[0]     ;
; pwm_servo:\g1:3:sv4|counter[0]                 ; Merged with pwm_servo:\g1:0:sv4|counter[0]     ;
; pwm_servo:\g1:4:sv4|counter[0]                 ; Merged with pwm_servo:\g1:0:sv4|counter[0]     ;
; pwm_servo:\g1:1:sv4|tick                       ; Merged with pwm_servo:\g1:0:sv4|tick           ;
; pwm_servo:\g1:2:sv4|tick                       ; Merged with pwm_servo:\g1:0:sv4|tick           ;
; pwm_servo:\g1:3:sv4|tick                       ; Merged with pwm_servo:\g1:0:sv4|tick           ;
; pwm_servo:\g1:4:sv4|tick                       ; Merged with pwm_servo:\g1:0:sv4|tick           ;
; decoder:deo|change_pos[0,6]                    ; Merged with decoder:deo|change_pos[12]         ;
; decoder:deo|change_pos[3]                      ; Merged with decoder:deo|change_pos[9]          ;
; decoder:deo|change_pos[1,7]                    ; Merged with decoder:deo|change_pos[13]         ;
; decoder:deo|change_pos[9]                      ; Merged with decoder:deo|change_pos[12]         ;
; decoder:deo|change_pos[14]                     ; Merged with decoder:deo|change_pos[2]          ;
; decoder:deo|change_pos[10]                     ; Merged with decoder:deo|change_pos[4]          ;
; Total Number of Removed Registers = 245        ;                                                ;
+------------------------------------------------+------------------------------------------------+


+------------------------------------------------------+
; General Register Statistics                          ;
+----------------------------------------------+-------+
; Statistic                                    ; Value ;
+----------------------------------------------+-------+
; Total registers                              ; 164   ;
; Number of registers using Synchronous Clear  ; 73    ;
; Number of registers using Synchronous Load   ; 9     ;
; Number of registers using Asynchronous Clear ; 123   ;
; Number of registers using Asynchronous Load  ; 0     ;
; Number of registers using Clock Enable       ; 96    ;
; Number of registers using Preset             ; 0     ;
+----------------------------------------------+-------+


+--------------------------------------------------+
; Inverted Register Statistics                     ;
+----------------------------------------+---------+
; Inverted Register                      ; Fan out ;
+----------------------------------------+---------+
; pwm_c[1]                               ; 8       ;
; pwm_c[0]                               ; 8       ;
; pwm_c[3]                               ; 8       ;
; pwm_c[6]                               ; 8       ;
; pwm_c[9]                               ; 8       ;
; pwm_c[12]                              ; 8       ;
; decoder:deo|tick                       ; 8       ;
; Total number of inverted registers = 7 ;         ;
+----------------------------------------+---------+


+----------------------------------------------------------------------------------------------------------------------------------------------------------------+
; Multiplexer Restructuring Statistics (Restructuring Performed)                                                                                                 ;
+--------------------+-----------+---------------+----------------------+------------------------+------------+--------------------------------------------------+
; Multiplexer Inputs ; Bus Width ; Baseline Area ; Area if Restructured ; Saving if Restructured ; Registered ; Example Multiplexer Output                       ;
+--------------------+-----------+---------------+----------------------+------------------------+------------+--------------------------------------------------+
; 3:1                ; 4 bits    ; 8 LEs         ; 8 LEs                ; 0 LEs                  ; Yes        ; |robotic_hand|pwm_servo:\g1:0:sv4|duty_cycle[6]  ;
; 3:1                ; 4 bits    ; 8 LEs         ; 8 LEs                ; 0 LEs                  ; Yes        ; |robotic_hand|pwm_servo:\g1:0:sv4|duty_cycle[13] ;
; 3:1                ; 4 bits    ; 8 LEs         ; 8 LEs                ; 0 LEs                  ; Yes        ; |robotic_hand|pwm_servo:\g1:1:sv4|duty_cycle[6]  ;
; 3:1                ; 4 bits    ; 8 LEs         ; 8 LEs                ; 0 LEs                  ; Yes        ; |robotic_hand|pwm_servo:\g1:1:sv4|duty_cycle[10] ;
; 3:1                ; 4 bits    ; 8 LEs         ; 8 LEs                ; 0 LEs                  ; Yes        ; |robotic_hand|pwm_servo:\g1:2:sv4|duty_cycle[14] ;
; 3:1                ; 4 bits    ; 8 LEs         ; 8 LEs                ; 0 LEs                  ; Yes        ; |robotic_hand|pwm_servo:\g1:2:sv4|duty_cycle[13] ;
; 3:1                ; 4 bits    ; 8 LEs         ; 8 LEs                ; 0 LEs                  ; Yes        ; |robotic_hand|pwm_servo:\g1:3:sv4|duty_cycle[9]  ;
; 3:1                ; 4 bits    ; 8 LEs         ; 8 LEs                ; 0 LEs                  ; Yes        ; |robotic_hand|pwm_servo:\g1:3:sv4|duty_cycle[16] ;
; 3:1                ; 4 bits    ; 8 LEs         ; 8 LEs                ; 0 LEs                  ; Yes        ; |robotic_hand|pwm_servo:\g1:4:sv4|duty_cycle[6]  ;
; 3:1                ; 4 bits    ; 8 LEs         ; 8 LEs                ; 0 LEs                  ; Yes        ; |robotic_hand|pwm_servo:\g1:4:sv4|duty_cycle[13] ;
; 8:1                ; 9 bits    ; 45 LEs        ; 36 LEs               ; 9 LEs                  ; Yes        ; |robotic_hand|pwm_c[8]                           ;
; 9:1                ; 7 bits    ; 42 LEs        ; 42 LEs               ; 0 LEs                  ; Yes        ; |robotic_hand|led_c[3]                           ;
; 3:1                ; 4 bits    ; 8 LEs         ; 8 LEs                ; 0 LEs                  ; Yes        ; |robotic_hand|pwm_c[0]                           ;
+--------------------+-----------+---------------+----------------------+------------------------+------------+--------------------------------------------------+


+-----------------------------------------------------+
; Post-Synthesis Netlist Statistics for Top Partition ;
+-----------------------+-----------------------------+
; Type                  ; Count                       ;
+-----------------------+-----------------------------+
; arriav_ff             ; 164                         ;
;     CLR               ; 27                          ;
;     CLR SCLR          ; 32                          ;
;     CLR SCLR SLD      ; 9                           ;
;     ENA               ; 9                           ;
;     ENA CLR           ; 55                          ;
;     ENA SCLR          ; 32                          ;
; arriav_lcell_comb     ; 250                         ;
;     arith             ; 71                          ;
;         1 data inputs ; 70                          ;
;         2 data inputs ; 1                           ;
;     normal            ; 179                         ;
;         0 data inputs ; 1                           ;
;         1 data inputs ; 14                          ;
;         2 data inputs ; 27                          ;
;         3 data inputs ; 38                          ;
;         4 data inputs ; 37                          ;
;         5 data inputs ; 21                          ;
;         6 data inputs ; 41                          ;
; boundary_port         ; 19                          ;
;                       ;                             ;
; Max LUT depth         ; 4.10                        ;
; Average LUT depth     ; 2.50                        ;
+-----------------------+-----------------------------+


+-------------------------------+
; Elapsed Time Per Partition    ;
+----------------+--------------+
; Partition Name ; Elapsed Time ;
+----------------+--------------+
; Top            ; 00:00:00     ;
+----------------+--------------+


+-------------------------------+
; Analysis & Synthesis Messages ;
+-------------------------------+
Info: *******************************************************************
Info: Running Quartus Prime Analysis & Synthesis
    Info: Version 18.1.0 Build 625 09/12/2018 SJ Lite Edition
    Info: Processing started: Wed Mar 01 07:28:15 2023
Info: Command: quartus_map --read_settings_files=on --write_settings_files=off robotic_hand -c robotic_hand
Warning (18236): Number of processors has not been specified which may cause overloading on shared machines.  Set the global assignment NUM_PARALLEL_PROCESSORS in your QSF to an appropriate value for best performance.
Info (20030): Parallel compilation is enabled and will use 16 of the 16 processors detected
Info (12021): Found 2 design units, including 1 entities, in source file robotic_hand.vhd
    Info (12022): Found design unit 1: robotic_hand-Behavioral File: C:/Users/yijin/Pictures/PWM_Hand/robotic_hand.vhd Line: 22
    Info (12023): Found entity 1: robotic_hand File: C:/Users/yijin/Pictures/PWM_Hand/robotic_hand.vhd Line: 5
Info (12021): Found 2 design units, including 1 entities, in source file pwm_servo.vhd
    Info (12022): Found design unit 1: pwm_servo-Behavioral File: C:/Users/yijin/Pictures/PWM_Hand/pwm_servo.vhd Line: 17
    Info (12023): Found entity 1: pwm_servo File: C:/Users/yijin/Pictures/PWM_Hand/pwm_servo.vhd Line: 5
Info (12021): Found 2 design units, including 1 entities, in source file decoder.vhd
    Info (12022): Found design unit 1: decoder-data_flow File: C:/Users/yijin/Pictures/PWM_Hand/decoder.vhd Line: 17
    Info (12023): Found entity 1: decoder File: C:/Users/yijin/Pictures/PWM_Hand/decoder.vhd Line: 7
Info (12127): Elaborating entity "robotic_hand" for the top level hierarchy
Info (12128): Elaborating entity "decoder" for hierarchy "decoder:deo" File: C:/Users/yijin/Pictures/PWM_Hand/robotic_hand.vhd Line: 52
Info (12128): Elaborating entity "pwm_servo" for hierarchy "pwm_servo:\g1:0:sv4" File: C:/Users/yijin/Pictures/PWM_Hand/robotic_hand.vhd Line: 63
Info (286030): Timing-Driven Synthesis is running
Critical Warning (18061): Ignored Power-Up Level option on the following registers
    Critical Warning (18010): Register pwm_c[1] will power up to High File: C:/Users/yijin/Pictures/PWM_Hand/robotic_hand.vhd Line: 75
    Critical Warning (18010): Register pwm_c[0] will power up to High File: C:/Users/yijin/Pictures/PWM_Hand/robotic_hand.vhd Line: 75
    Critical Warning (18010): Register pwm_c[3] will power up to High File: C:/Users/yijin/Pictures/PWM_Hand/robotic_hand.vhd Line: 75
    Critical Warning (18010): Register pwm_c[6] will power up to High File: C:/Users/yijin/Pictures/PWM_Hand/robotic_hand.vhd Line: 75
    Critical Warning (18010): Register pwm_c[9] will power up to High File: C:/Users/yijin/Pictures/PWM_Hand/robotic_hand.vhd Line: 75
    Critical Warning (18010): Register pwm_c[12] will power up to High File: C:/Users/yijin/Pictures/PWM_Hand/robotic_hand.vhd Line: 75
Info (16010): Generating hard_block partition "hard_block:auto_generated_inst"
    Info (16011): Adding 0 node(s), including 0 DDIO, 0 PLL, 0 transceiver and 0 LCELL
Info (21057): Implemented 286 device resources after synthesis - the final resource count might be different
    Info (21058): Implemented 6 input pins
    Info (21059): Implemented 13 output pins
    Info (21061): Implemented 267 logic cells
Info: Quartus Prime Analysis & Synthesis was successful. 0 errors, 8 warnings
    Info: Peak virtual memory: 4912 megabytes
    Info: Processing ended: Wed Mar 01 07:28:24 2023
    Info: Elapsed time: 00:00:09
    Info: Total CPU time (on all processors): 00:00:09


